00000000 PRG 2022-03-03 09:38:43.576 31075   259 "Loading library /opt/HPCCSystems/8.4.20/clienttools/plugins/lib_keylib.ecllib"
00000001 PRG 2022-03-03 09:38:43.576 31075   259 "Loading plugin /opt/HPCCSystems/8.4.20/clienttools/plugins/libdebugservices.dylib[lib_debugservices] version = DEBUGSERVICES 1.0.1"
00000002 PRG 2022-03-03 09:38:43.576 31075   259 "Loading library /opt/HPCCSystems/8.4.20/clienttools/plugins/python3.ecllib"
00000003 PRG 2022-03-03 09:38:43.576 31075   259 "Loading library /opt/HPCCSystems/8.4.20/clienttools/plugins/javascript.ecllib"
00000004 PRG 2022-03-03 09:38:43.576 31075   259 "Loading library /opt/HPCCSystems/8.4.20/clienttools/plugins/lib_cryptolib.ecllib"
00000005 PRG 2022-03-03 09:38:43.576 31075   259 "Loading library /opt/HPCCSystems/8.4.20/clienttools/plugins/lib_metaphone3.ecllib"
00000006 PRG 2022-03-03 09:38:43.577 31075   259 "Loading plugin /opt/HPCCSystems/8.4.20/clienttools/plugins/libunicodelib.dylib[lib_unicodelib] version = UNICODELIB 1.1.06"
00000007 PRG 2022-03-03 09:38:43.577 31075   259 "Loading library /opt/HPCCSystems/8.4.20/clienttools/plugins/lib_thorlib.ecllib"
00000008 PRG 2022-03-03 09:38:43.577 31075   259 "Loading library /opt/HPCCSystems/8.4.20/clienttools/plugins/sqlite3.ecllib"
00000009 PRG 2022-03-03 09:38:43.577 31075   259 "Loading library /opt/HPCCSystems/8.4.20/clienttools/plugins/lib_metaphone.ecllib"
0000000A PRG 2022-03-03 09:38:43.577 31075   259 "Loading library /opt/HPCCSystems/8.4.20/clienttools/plugins/mysql.ecllib"
0000000B PRG 2022-03-03 09:38:43.577 31075   259 "Loading library /opt/HPCCSystems/8.4.20/clienttools/plugins/lib_memcached.ecllib"
0000000C PRG 2022-03-03 09:38:43.577 31075   259 "Loading library /opt/HPCCSystems/8.4.20/clienttools/plugins/couchbase.ecllib"
0000000D PRG 2022-03-03 09:38:43.578 31075   259 "Loading plugin /opt/HPCCSystems/8.4.20/clienttools/plugins/liblogging.dylib[lib_logging] version = LOGGING 1.0.1"
0000000E PRG 2022-03-03 09:38:43.578 31075   259 "Loading library /opt/HPCCSystems/8.4.20/clienttools/plugins/lib_redis.ecllib"
0000000F PRG 2022-03-03 09:38:43.578 31075   259 "Loading library /opt/HPCCSystems/8.4.20/clienttools/plugins/lib_eclblas.ecllib"
00000010 PRG 2022-03-03 09:38:43.578 31075   259 "Loading library /opt/HPCCSystems/8.4.20/clienttools/plugins/lib_h3.ecllib"
00000011 PRG 2022-03-03 09:38:43.578 31075   259 "Loading library /opt/HPCCSystems/8.4.20/clienttools/plugins/kafka.ecllib"
00000012 PRG 2022-03-03 09:38:43.578 31075   259 "Loading library /opt/HPCCSystems/8.4.20/clienttools/plugins/lib_word.ecllib"
00000013 PRG 2022-03-03 09:38:43.578 31075   259 "Loading library /opt/HPCCSystems/8.4.20/clienttools/plugins/sqs.ecllib"
00000014 PRG 2022-03-03 09:38:43.602 31075   259 "Loading plugin /opt/HPCCSystems/8.4.20/clienttools/plugins/libfileservices.dylib[lib_fileservices] version = FILESERVICES 2.1.4"
00000015 PRG 2022-03-03 09:38:43.602 31075   259 "Loading plugin /opt/HPCCSystems/8.4.20/clienttools/plugins/libparselib.dylib[lib_parselib] version = PARSELIB 1.0.1"
00000016 PRG 2022-03-03 09:38:43.603 31075   259 "Loading plugin /opt/HPCCSystems/8.4.20/clienttools/plugins/libworkunitservices.dylib[lib_WORKUNITSERVICES] version = WORKUNITSERVICES 1.0.2"
00000017 PRG 2022-03-03 09:38:43.604 31075   259 "Loading plugin /opt/HPCCSystems/8.4.20/clienttools/plugins/libtimelib.dylib[lib_timelib] version = TIMELIB 1.0.0"
00000018 PRG 2022-03-03 09:38:43.604 31075   259 "Loading library /opt/HPCCSystems/8.4.20/clienttools/plugins/java.ecllib"
00000019 PRG 2022-03-03 09:38:43.604 31075   259 "Loading plugin /opt/HPCCSystems/8.4.20/clienttools/plugins/libstringlib.dylib[lib_stringlib] version = STRINGLIB 1.1.14"
0000001A PRG 2022-03-03 09:38:43.604 31075   259 "Loading library /opt/HPCCSystems/8.4.20/clienttools/plugins/R.ecllib"
0000001B PRG 2022-03-03 09:38:43.604 31075   259 "Loading library /opt/HPCCSystems/8.4.20/clienttools/plugins/lib_saltlib.ecllib"
0000001C PRG 2022-03-03 09:38:43.604 31075   259 "Loading plugin /opt/HPCCSystems/8.4.20/clienttools/plugins/libauditlib.dylib[lib_auditlib] version = AUDITLIB 1.0.1"
